<?xml version="1.0" encoding="UTF-8" ?>
<testsuite tests="3" failures="3" name="org.cytoscape.sample.internal.CyActivatorTest" time="0.01" errors="0" skipped="0">
  <properties>
[...]
</properties>
  <testcase classname="org.cytoscape.sample.internal.CyActivatorTest" name="org.cytoscape.sample.internal.CyActivatorTest.testConstructor" time="0.004">
    <failure message="org/junit/Assert" type="java.lang.NoClassDefFoundError">java.lang.NoClassDefFoundError: org/junit/Assert
	at org.cytoscape.sample.internal.CyActivatorTest.testConstructor(CyActivatorTest.java:30)
Caused by: java.lang.ClassNotFoundException: org.junit.Assert
	at java.net.URLClassLoader$1.run(URLClassLoader.java:372)
	at java.net.URLClassLoader$1.run(URLClassLoader.java:361)
	at java.security.AccessController.doPrivileged(Native Method)
	at java.net.URLClassLoader.findClass(URLClassLoader.java:360)
	at java.lang.ClassLoader.loadClass(ClassLoader.java:424)
	at sun.misc.Launcher$AppClassLoader.loadClass(Launcher.java:308)
	at java.lang.ClassLoader.loadClass(ClassLoader.java:357)
	... 19 more
</failure>
    <system-out>@HL
@HL-------------------------------------------------------
@HL T E S T S
@HL-------------------------------------------------------
@SLRunning org.cytoscape.sample.internal.CyActivatorTest
</system-out>
  </testcase>
  <testcase classname="org.cytoscape.sample.internal.CyActivatorTest" name="org.cytoscape.sample.internal.CyActivatorTest.testStartNullBundleContext" time="0.003">
    <failure type="java.lang.NullPointerException">java.lang.NullPointerException
	at org.cytoscape.sample.internal.CyActivatorTest.testStartNullBundleContext(CyActivatorTest.java:35)
</failure>
  </testcase>
  <testcase classname="org.cytoscape.sample.internal.CyActivatorTest" name="org.cytoscape.sample.internal.CyActivatorTest.testStart" time="0">
    <failure type="java.lang.NullPointerException">java.lang.NullPointerException
	at org.cytoscape.sample.internal.CyActivatorTest.testStart(CyActivatorTest.java:40)
</failure>
  </testcase>
</testsuite>